WARNING:Could not correct the word: 'mazuvil'
WARNING:Could not correct the word: 'whatsapp'
WARNING:Could not correct the word: 'menjalara'
WARNING:Could not correct the word: 'kepong／taman'
WARNING:Could not correct the word: '迷途犬被尋獲'
WARNING:Could not correct the word: '甲洞孟加拉惹／武吉馬魯里／desa'
WARNING:Could not correct the word: '小狗被發現地點：bandar'
WARNING:Could not correct the word: 'menjalara'
WARNING:Could not correct the word: '大馬吉隆坡甲洞孟加拉惹'
WARNING:Could not correct the word: '狗兒如何被發現'
WARNING:Could not correct the word: '迷途小狗自行進我居住地。'
WARNING:Could not correct the word: '雖好像幾天沒進食。看起來健康。頸上系有紅帶。目前甲洞孟加拉惹住宅區保安處看顧。few'
WARNING:Could not correct the word: 'menjalara'
WARNING:Could not correct the word: 'shakeshand'
WARNING:Could not correct the word: 'kuningan'
WARNING:Could not correct the word: 'memerlukan'
WARNING:Could not correct the word: 'seseorang'
WARNING:Could not correct the word: 'menyayangi'
WARNING:Could not correct the word: 'menjaganya'
WARNING:Could not correct the word: 'whatsapp'
WARNING:Could not correct the word: 'whatsapp'
WARNING:Could not correct the word: 'whatsapp'
WARNING:Could not correct the word: 'whatsapp'
WARNING:Could not correct the word: 'woooww'
WARNING:Could not correct the word: 'keadaanya'
WARNING:Could not correct the word: 'membawanya'
WARNING:Could not correct the word: 'syukur'
WARNING:Could not correct the word: 'kurapnya'
WARNING:Could not correct the word: 'sedikit'
WARNING:Could not correct the word: 'menjaganya'
WARNING:Could not correct the word: 'bergaduh'
WARNING:Could not correct the word: 'mengambil'
WARNING:Could not correct the word: 'keputusan'
WARNING:Could not correct the word: 'sesiapa'
WARNING:Could not correct the word: 'sesiapa'
WARNING:Could not correct the word: 'mengadopt'
WARNING:Could not correct the word: 'melalui'
WARNING:Could not correct the word: 'whatsapp'
WARNING:Could not correct the word: 'memahami'
WARNING:Could not correct the word: 'mazuvil'
WARNING:Could not correct the word: 'whatsapp'
WARNING:Could not correct the word: 'menjalara'
WARNING:Could not correct the word: 'kepong／taman'
WARNING:Could not correct the word: '迷途犬被尋獲'
WARNING:Could not correct the word: '甲洞孟加拉惹／武吉馬魯里／desa'
WARNING:Could not correct the word: '小狗被發現地點：bandar'
WARNING:Could not correct the word: 'menjalara'
WARNING:Could not correct the word: '大馬吉隆坡甲洞孟加拉惹'
WARNING:Could not correct the word: '狗兒如何被發現'
WARNING:Could not correct the word: '迷途小狗自行進我居住地。'
